2020-08-26 01:10:12,125 [ 1] INFO  Unity: LoadingManager start
2020-08-26 01:10:15,165 [ 1] INFO  Unity: DataManager > DataManager()
2020-08-26 01:10:32,650 [ 1] INFO  Unity: UserLoginRequest::user :cao psw:dd
2020-08-26 01:10:32,650 [ 1] INFO  Unity: ConnectToServer() Start 
2020-08-26 01:10:32,653 [ 1] INFO  Unity: DoConnect
2020-08-26 01:10:32,653 [ 1] INFO  Unity: NetClient.DoConnect on 127.0.0.1:8000
2020-08-26 01:10:32,654 [ 1] INFO  Unity: Connect[0] to server 127.0.0.1:8000

2020-08-26 01:10:32,659 [ 1] INFO  Unity: LoadingMesager::OnGameServerConnect :0 reason:Success
2020-08-26 01:10:35,587 [ 1] INFO  Unity: OnLogin:Success [None]
2020-08-26 01:10:35,587 [ 1] INFO  Unity: LoadLevel: CharSelect
2020-08-26 01:10:35,760 [ 1] INFO  Unity: LevelLoadCompleted:1
2020-08-26 01:10:49,079 [ 1] INFO  Unity: Select Char:[6]Bug测试员[Archer]
2020-08-26 01:10:49,681 [ 1] INFO  Unity: UserGameEnterRequest::characterId :2
2020-08-26 01:10:49,716 [ 1] INFO  Unity: OnGameEnter:Success [None]
2020-08-26 01:10:49,717 [ 1] INFO  Unity: OnMapCharacterEnter:Map:1 Count:2
2020-08-26 01:10:49,718 [ 1] INFO  Unity: AddCharacter:2:Bug测试员 Map:1 Entity:(2:pos:(5000,4000,820),dir:(100,0,0),spd:0
2020-08-26 01:10:49,719 [ 1] INFO  Unity: AddCharacter:1:Bug测试员 Map:1 Entity:(1:pos:(5210,4000,820),dir:(100,0,0),spd:0
2020-08-26 01:10:49,720 [ 1] INFO  Unity: LoadLevel: MainCity
2020-08-26 01:10:50,008 [ 1] INFO  Unity: LevelLoadCompleted:1
2020-08-26 01:10:51,113 [ 1] INFO  Unity: SetDirection:(98, -18, 0)
2020-08-26 01:10:51,114 [ 1] INFO  Unity: MapEntityUpdateRequest :ID:2 POS:(5000,4000,820) DIR:(98,-18,0) SPD:0 
2020-08-26 01:10:51,213 [ 1] INFO  Unity: SetDirection:(93, -36, 0)
2020-08-26 01:10:51,213 [ 1] INFO  Unity: MapEntityUpdateRequest :ID:2 POS:(5000,4000,820) DIR:(93,-36,0) SPD:0 
2020-08-26 01:10:51,314 [ 1] INFO  Unity: SetDirection:(84, -54, 0)
2020-08-26 01:10:51,314 [ 1] INFO  Unity: MapEntityUpdateRequest :ID:2 POS:(5000,4000,820) DIR:(84,-54,0) SPD:0 
2020-08-26 01:10:51,397 [ 1] INFO  Unity: SetDirection:(73, -68, 0)
2020-08-26 01:10:51,397 [ 1] INFO  Unity: MapEntityUpdateRequest :ID:2 POS:(5000,4000,820) DIR:(73,-68,0) SPD:0 
2020-08-26 01:10:51,479 [ 1] INFO  Unity: SetDirection:(60, -80, 0)
2020-08-26 01:10:51,479 [ 1] INFO  Unity: MapEntityUpdateRequest :ID:2 POS:(5000,4000,820) DIR:(60,-80,0) SPD:0 
2020-08-26 01:10:51,581 [ 1] INFO  Unity: SetDirection:(45, -89, 0)
2020-08-26 01:10:51,581 [ 1] INFO  Unity: MapEntityUpdateRequest :ID:2 POS:(5000,4000,820) DIR:(45,-89,0) SPD:0 
2020-08-26 01:10:51,762 [ 1] INFO  Unity: SetDirection:(29, -96, 0)
2020-08-26 01:10:51,762 [ 1] INFO  Unity: MapEntityUpdateRequest :ID:2 POS:(5000,4000,820) DIR:(29,-96,0) SPD:0 
2020-08-26 01:10:51,970 [ 1] INFO  Unity: MoveBack
2020-08-26 01:10:51,970 [ 1] INFO  Unity: MapEntityUpdateRequest :ID:2 POS:(5000,4000,820) DIR:(29,-96,0) SPD:-300 
2020-08-26 01:10:52,313 [ 1] INFO  Unity: Stop
2020-08-26 01:10:52,313 [ 1] INFO  Unity: MapEntityUpdateRequest :ID:2 POS:(4979,4105,820) DIR:(29,-96,0) SPD:0 
2020-08-26 01:10:55,813 [ 1] INFO  Unity: SetDirection:(46, -89, 0)
2020-08-26 01:10:55,813 [ 1] INFO  Unity: MapEntityUpdateRequest :ID:2 POS:(4979,4105,820) DIR:(46,-89,0) SPD:0 
2020-08-26 01:10:56,012 [ 1] INFO  Unity: SetDirection:(62, -79, 0)
2020-08-26 01:10:56,012 [ 1] INFO  Unity: MapEntityUpdateRequest :ID:2 POS:(4979,4105,820) DIR:(62,-79,0) SPD:0 
2020-08-26 01:10:56,700 [ 1] INFO  Unity: OnEntityChanged :ID:1 POS:(5210, 4000, 820) DIR:(100, 0, 0) SPD:300
2020-08-26 01:10:56,701 [ 1] INFO  Unity: MapEntityUpdateResponse: Entitys:1
    [1]evt:MoveFwd entity:(1:pos:(5210,4000,820),dir:(100,0,0),spd:300

2020-08-26 01:10:57,197 [ 1] INFO  Unity: OnEntityChanged :ID:1 POS:(5360, 4000, 820) DIR:(100, 0, 0) SPD:0
2020-08-26 01:10:57,198 [ 1] INFO  Unity: MapEntityUpdateResponse: Entitys:1
    [1]evt:Idle entity:(1:pos:(5360,4000,820),dir:(100,0,0),spd:0

2020-08-26 01:10:57,231 [ 1] INFO  Unity: OnEntityChanged :ID:1 POS:(5360, 4000, 820) DIR:(100, 0, 0) SPD:-300
2020-08-26 01:10:57,231 [ 1] INFO  Unity: MapEntityUpdateResponse: Entitys:1
    [1]evt:MoveBack entity:(1:pos:(5360,4000,820),dir:(100,0,0),spd:-300

2020-08-26 01:10:57,847 [ 1] INFO  Unity: OnEntityChanged :ID:1 POS:(5175, 4000, 820) DIR:(98, 18, 0) SPD:-300
2020-08-26 01:10:57,847 [ 1] INFO  Unity: MapEntityUpdateResponse: Entitys:1
    [1]evt:None entity:(1:pos:(5175,4000,820),dir:(98,18,0),spd:-300

2020-08-26 01:10:57,947 [ 1] INFO  Unity: OnEntityChanged :ID:1 POS:(5145, 3994, 820) DIR:(94, 35, 0) SPD:-300
2020-08-26 01:10:57,948 [ 1] INFO  Unity: MapEntityUpdateResponse: Entitys:1
    [1]evt:None entity:(1:pos:(5145,3994,820),dir:(94,35,0),spd:-300

2020-08-26 01:10:57,981 [ 1] INFO  Unity: OnEntityChanged :ID:1 POS:(5135, 3990, 820) DIR:(94, 35, 0) SPD:0
2020-08-26 01:10:57,981 [ 1] INFO  Unity: MapEntityUpdateResponse: Entitys:1
    [1]evt:Idle entity:(1:pos:(5135,3990,820),dir:(94,35,0),spd:0

2020-08-26 01:10:58,030 [ 1] INFO  Unity: OnEntityChanged :ID:1 POS:(5135, 3990, 820) DIR:(86, 51, 0) SPD:0
2020-08-26 01:10:58,030 [ 1] INFO  Unity: MapEntityUpdateResponse: Entitys:1
    [1]evt:None entity:(1:pos:(5135,3990,820),dir:(86,51,0),spd:0

2020-08-26 01:10:58,129 [ 1] INFO  Unity: OnEntityChanged :ID:1 POS:(5135, 3990, 820) DIR:(74, 68, 0) SPD:0
2020-08-26 01:10:58,129 [ 1] INFO  Unity: MapEntityUpdateResponse: Entitys:1
    [1]evt:None entity:(1:pos:(5135,3990,820),dir:(74,68,0),spd:0

2020-08-26 01:10:58,214 [ 1] INFO  Unity: OnEntityChanged :ID:1 POS:(5135, 3990, 820) DIR:(61, 79, 0) SPD:0
2020-08-26 01:10:58,215 [ 1] INFO  Unity: MapEntityUpdateResponse: Entitys:1
    [1]evt:None entity:(1:pos:(5135,3990,820),dir:(61,79,0),spd:0

2020-08-26 01:10:58,298 [ 1] INFO  Unity: OnEntityChanged :ID:1 POS:(5135, 3990, 820) DIR:(46, 89, 0) SPD:0
2020-08-26 01:10:58,298 [ 1] INFO  Unity: MapEntityUpdateResponse: Entitys:1
    [1]evt:None entity:(1:pos:(5135,3990,820),dir:(46,89,0),spd:0

2020-08-26 01:10:58,397 [ 1] INFO  Unity: OnEntityChanged :ID:1 POS:(5135, 3990, 820) DIR:(27, 96, 0) SPD:0
2020-08-26 01:10:58,397 [ 1] INFO  Unity: MapEntityUpdateResponse: Entitys:1
    [1]evt:None entity:(1:pos:(5135,3990,820),dir:(27,96,0),spd:0

2020-08-26 01:10:58,482 [ 1] INFO  Unity: OnEntityChanged :ID:1 POS:(5135, 3990, 820) DIR:(10, 100, 0) SPD:0
2020-08-26 01:10:58,482 [ 1] INFO  Unity: MapEntityUpdateResponse: Entitys:1
    [1]evt:None entity:(1:pos:(5135,3990,820),dir:(10,100,0),spd:0

2020-08-26 01:10:58,565 [ 1] INFO  Unity: OnEntityChanged :ID:1 POS:(5135, 3990, 820) DIR:(-8, 100, 0) SPD:0
2020-08-26 01:10:58,565 [ 1] INFO  Unity: MapEntityUpdateResponse: Entitys:1
    [1]evt:None entity:(1:pos:(5135,3990,820),dir:(-8,100,0),spd:0

2020-08-26 01:10:58,663 [ 1] INFO  Unity: OnEntityChanged :ID:1 POS:(5135, 3990, 820) DIR:(-28, 96, 0) SPD:0
2020-08-26 01:10:58,664 [ 1] INFO  Unity: MapEntityUpdateResponse: Entitys:1
    [1]evt:None entity:(1:pos:(5135,3990,820),dir:(-28,96,0),spd:0

2020-08-26 01:10:58,747 [ 1] INFO  Unity: OnEntityChanged :ID:1 POS:(5135, 3990, 820) DIR:(-45, 89, 0) SPD:0
2020-08-26 01:10:58,747 [ 1] INFO  Unity: MapEntityUpdateResponse: Entitys:1
    [1]evt:None entity:(1:pos:(5135,3990,820),dir:(-45,89,0),spd:0

2020-08-26 01:10:58,848 [ 1] INFO  Unity: OnEntityChanged :ID:1 POS:(5135, 3990, 820) DIR:(-62, 78, 0) SPD:0
2020-08-26 01:10:58,848 [ 1] INFO  Unity: MapEntityUpdateResponse: Entitys:1
    [1]evt:None entity:(1:pos:(5135,3990,820),dir:(-62,78,0),spd:0

2020-08-26 01:10:58,964 [ 1] INFO  Unity: OnEntityChanged :ID:1 POS:(5135, 3990, 820) DIR:(-75, 66, 0) SPD:0
2020-08-26 01:10:58,964 [ 1] INFO  Unity: MapEntityUpdateResponse: Entitys:1
    [1]evt:None entity:(1:pos:(5135,3990,820),dir:(-75,66,0),spd:0

2020-08-26 01:10:59,098 [ 1] INFO  Unity: OnEntityChanged :ID:1 POS:(5135, 3990, 820) DIR:(-75, 66, 0) SPD:-300
2020-08-26 01:10:59,098 [ 1] INFO  Unity: MapEntityUpdateResponse: Entitys:1
    [1]evt:MoveBack entity:(1:pos:(5135,3990,820),dir:(-75,66,0),spd:-300

2020-08-26 01:10:59,815 [ 1] INFO  Unity: OnEntityChanged :ID:1 POS:(5307, 3861, 820) DIR:(-75, 66, 0) SPD:0
2020-08-26 01:10:59,815 [ 1] INFO  Unity: MapEntityUpdateResponse: Entitys:1
    [1]evt:Idle entity:(1:pos:(5307,3861,820),dir:(-75,66,0),spd:0

2020-08-26 01:11:01,012 [ 1] INFO  Unity: MapEntityUpdateRequest :ID:2 POS:(4979,4105,820) DIR:(62,-79,0) SPD:0 
2020-08-26 01:11:02,378 [ 1] INFO  Unity: MapEntityUpdateRequest :ID:2 POS:(4979,4105,820) DIR:(62,-79,0) SPD:0 
2020-08-26 01:11:04,261 [ 1] INFO  Unity: MoveForward
2020-08-26 01:11:04,261 [ 1] INFO  Unity: MapEntityUpdateRequest :ID:2 POS:(4979,4105,820) DIR:(62,-79,0) SPD:300 
2020-08-26 01:11:04,611 [ 1] INFO  Unity: SetDirection:(46, -89, 0)
2020-08-26 01:11:04,611 [ 1] INFO  Unity: MapEntityUpdateRequest :ID:2 POS:(5042,4021,820) DIR:(46,-89,0) SPD:300 
2020-08-26 01:11:05,028 [ 1] INFO  Unity: MapEntityUpdateRequest :ID:2 POS:(5092,3921,820) DIR:(46,-89,0) SPD:300 
2020-08-26 01:11:05,144 [ 1] INFO  Unity: Stop
2020-08-26 01:11:05,145 [ 1] INFO  Unity: MapEntityUpdateRequest :ID:2 POS:(5106,3893,820) DIR:(46,-89,0) SPD:0 
2020-08-26 01:11:17,245 [ 1] INFO  Unity: LoadLevel: CharSelect
2020-08-26 01:11:17,245 [ 1] INFO  Unity: UserGameLeaveRequest
2020-08-26 01:11:17,282 [ 1] INFO  Unity: OnMapCharacterLeave: CharID:2
2020-08-26 01:11:17,283 [ 1] INFO  Unity: RemoveCharacter:2
2020-08-26 01:11:17,284 [ 1] INFO  Unity: RemoveCharacter:1
2020-08-26 01:11:17,284 [ 1] INFO  Unity: OnGameLeave:Success [None]
2020-08-26 01:11:17,284 [ 1] INFO  Unity: Character_2_Bug测试员 OnDestroy :ID:2 POS:(5106, 3893, 820) DIR:(46, -89, 0) SPD:0 
2020-08-26 01:11:17,285 [ 1] INFO  Unity: Character_1_Bug测试员 OnDestroy :ID:1 POS:(5307, 3861, 820) DIR:(-75, 66, 0) SPD:0 
2020-08-26 01:11:17,348 [ 1] INFO  Unity: LevelLoadCompleted:1
2020-08-26 01:11:18,528 [ 1] INFO  Unity: Select Char:[3]gg[Warrior]
2020-08-26 01:11:19,394 [ 1] INFO  Unity: UserGameEnterRequest::characterId :0
2020-08-26 01:11:19,427 [ 1] INFO  Unity: OnGameEnter:Success [None]
2020-08-26 01:11:19,427 [ 1] INFO  Unity: OnMapCharacterEnter:Map:1 Count:2
2020-08-26 01:11:19,427 [ 1] INFO  Unity: AddCharacter:3:gg Map:1 Entity:(3:pos:(5000,4000,820),dir:(100,0,0),spd:0
2020-08-26 01:11:19,430 [ 1] INFO  Unity: AddCharacter:1:Bug测试员 Map:1 Entity:(1:pos:(5307,3861,820),dir:(-75,66,0),spd:0
2020-08-26 01:11:19,431 [ 1] INFO  Unity: LoadLevel: MainCity
2020-08-26 01:11:19,706 [ 1] INFO  Unity: LevelLoadCompleted:1
2020-08-26 01:11:20,929 [ 1] INFO  Unity: OnEntityChanged :ID:1 POS:(5307, 3861, 820) DIR:(-75, 66, 0) SPD:-300
2020-08-26 01:11:20,929 [ 1] INFO  Unity: MapEntityUpdateResponse: Entitys:1
    [1]evt:MoveBack entity:(1:pos:(5307,3861,820),dir:(-75,66,0),spd:-300

2020-08-26 01:11:21,253 [ 1] INFO  Unity: OnEntityChanged :ID:1 POS:(5383, 3804, 820) DIR:(-75, 66, 0) SPD:0
2020-08-26 01:11:21,253 [ 1] INFO  Unity: MapEntityUpdateResponse: Entitys:1
    [1]evt:Idle entity:(1:pos:(5383,3804,820),dir:(-75,66,0),spd:0

2020-08-26 01:11:26,699 [ 1] INFO  Unity: OnDestroy NetworkManager.
2020-08-26 01:11:26,699 [ 1] WARN  Unity: CloseConnection(), errorCode: 1007

2020-08-26 01:11:26,700 [ 1] INFO  Unity: Character_3_gg OnDestroy :ID:3 POS:(5000, 4000, 820) DIR:(100, 0, 0) SPD:0 
2020-08-26 01:11:26,700 [ 1] INFO  Unity: Character_1_Bug测试员 OnDestroy :ID:1 POS:(5383, 3804, 820) DIR:(-75, 66, 0) SPD:0 
