2020-09-15 13:15:46,968 [ 1] INFO  Unity: LoadingManager start
2020-09-15 13:15:50,079 [ 1] INFO  Unity: DataManager > DataManager()
2020-09-15 13:15:53,316 [ 1] INFO  Unity: UserLoginRequest::user :q1 psw:1
2020-09-15 13:15:53,318 [ 1] INFO  Unity: ConnectToServer() Start 
2020-09-15 13:15:53,320 [ 1] INFO  Unity: DoConnect
2020-09-15 13:15:53,322 [ 1] INFO  Unity: NetClient.DoConnect on 127.0.0.1:8000
2020-09-15 13:15:53,324 [ 1] INFO  Unity: Connect[0] to server 127.0.0.1:8000

2020-09-15 13:15:53,327 [ 1] INFO  Unity: LoadingMesager::OnGameServerConnect :0 reason:Success
2020-09-15 13:15:54,592 [ 1] INFO  Unity: OnLogin:Success [None]
2020-09-15 13:15:54,594 [ 1] INFO  Unity: LoadLevel: CharSelect
2020-09-15 13:15:54,869 [ 1] INFO  Unity: LevelLoadCompleted:1
2020-09-15 13:15:55,593 [ 1] INFO  Unity: Select Char:[1]AA[Wizard]
2020-09-15 13:15:56,240 [ 1] INFO  Unity: UserGameEnterRequest::characterId :0
2020-09-15 13:15:56,536 [ 1] INFO  Unity: OnGameEnter:Success [None]
2020-09-15 13:15:56,539 [ 1] INFO  Unity: ItemManager Init[ID:1,Count:20]
2020-09-15 13:15:56,540 [ 1] INFO  Unity: ItemManager Init[ID:2,Count:20]
2020-09-15 13:15:56,550 [ 1] INFO  Unity: OnGild: Success 1:123213
2020-09-15 13:15:56,552 [ 1] INFO  Unity: OnMapCharacterEnter:Map:1 Count:1
2020-09-15 13:15:56,554 [ 1] INFO  Unity: AddCharacter:1:AA Map:1 Entity:(1:pos:(5000,4000,820),dir:(100,0,0),spd:0
2020-09-15 13:15:56,557 [ 1] INFO  Unity: LoadLevel: MainCity
2020-09-15 13:15:57,146 [ 1] INFO  Unity: LevelLoadCompleted:1
2020-09-15 13:15:59,016 [ 1] INFO  Unity: SetDirection:(98, -18, 0)
2020-09-15 13:15:59,017 [ 1] INFO  Unity: MapEntityUpdateRequest :ID:1 POS:(5000,4000,820) DIR:(98,-18,0) SPD:0 
2020-09-15 13:15:59,115 [ 1] INFO  Unity: SetDirection:(94, -35, 0)
2020-09-15 13:15:59,116 [ 1] INFO  Unity: MapEntityUpdateRequest :ID:1 POS:(5000,4000,820) DIR:(94,-35,0) SPD:0 
2020-09-15 13:15:59,198 [ 1] INFO  Unity: SetDirection:(86, -51, 0)
2020-09-15 13:15:59,199 [ 1] INFO  Unity: MapEntityUpdateRequest :ID:1 POS:(5000,4000,820) DIR:(86,-51,0) SPD:0 
2020-09-15 13:15:59,296 [ 1] INFO  Unity: SetDirection:(74, -68, 0)
2020-09-15 13:15:59,298 [ 1] INFO  Unity: MapEntityUpdateRequest :ID:1 POS:(5000,4000,820) DIR:(74,-68,0) SPD:0 
2020-09-15 13:15:59,396 [ 1] INFO  Unity: SetDirection:(58, -81, 0)
2020-09-15 13:15:59,398 [ 1] INFO  Unity: MapEntityUpdateRequest :ID:1 POS:(5000,4000,820) DIR:(58,-81,0) SPD:0 
2020-09-15 13:15:59,479 [ 1] INFO  Unity: SetDirection:(43, -90, 0)
2020-09-15 13:15:59,480 [ 1] INFO  Unity: MapEntityUpdateRequest :ID:1 POS:(5000,4000,820) DIR:(43,-90,0) SPD:0 
2020-09-15 13:15:59,561 [ 1] INFO  Unity: SetDirection:(27, -96, 0)
2020-09-15 13:15:59,562 [ 1] INFO  Unity: MapEntityUpdateRequest :ID:1 POS:(5000,4000,820) DIR:(27,-96,0) SPD:0 
2020-09-15 13:15:59,644 [ 1] INFO  Unity: SetDirection:(10, -100, 0)
2020-09-15 13:15:59,645 [ 1] INFO  Unity: MapEntityUpdateRequest :ID:1 POS:(5000,4000,820) DIR:(10,-100,0) SPD:0 
2020-09-15 13:15:59,727 [ 1] INFO  Unity: SetDirection:(-8, -100, 0)
2020-09-15 13:15:59,728 [ 1] INFO  Unity: MapEntityUpdateRequest :ID:1 POS:(5000,4000,820) DIR:(-8,-100,0) SPD:0 
2020-09-15 13:15:59,827 [ 1] INFO  Unity: SetDirection:(-28, -96, 0)
2020-09-15 13:15:59,828 [ 1] INFO  Unity: MapEntityUpdateRequest :ID:1 POS:(5000,4000,820) DIR:(-28,-96,0) SPD:0 
2020-09-15 13:15:59,910 [ 1] INFO  Unity: SetDirection:(-45, -89, 0)
2020-09-15 13:15:59,911 [ 1] INFO  Unity: MapEntityUpdateRequest :ID:1 POS:(5000,4000,820) DIR:(-45,-89,0) SPD:0 
2020-09-15 13:16:00,008 [ 1] INFO  Unity: SetDirection:(-62, -78, 0)
2020-09-15 13:16:00,009 [ 1] INFO  Unity: MapEntityUpdateRequest :ID:1 POS:(5000,4000,820) DIR:(-62,-78,0) SPD:0 
2020-09-15 13:16:00,091 [ 1] INFO  Unity: SetDirection:(-75, -66, 0)
2020-09-15 13:16:00,092 [ 1] INFO  Unity: MapEntityUpdateRequest :ID:1 POS:(5000,4000,820) DIR:(-75,-66,0) SPD:0 
2020-09-15 13:16:00,191 [ 1] INFO  Unity: SetDirection:(-87, -49, 0)
2020-09-15 13:16:00,192 [ 1] INFO  Unity: MapEntityUpdateRequest :ID:1 POS:(5000,4000,820) DIR:(-87,-49,0) SPD:0 
2020-09-15 13:16:00,291 [ 1] INFO  Unity: SetDirection:(-95, -30, 0)
2020-09-15 13:16:00,292 [ 1] INFO  Unity: MapEntityUpdateRequest :ID:1 POS:(5000,4000,820) DIR:(-95,-30,0) SPD:0 
2020-09-15 13:16:00,373 [ 1] INFO  Unity: SetDirection:(-99, -13, 0)
2020-09-15 13:16:00,374 [ 1] INFO  Unity: MapEntityUpdateRequest :ID:1 POS:(5000,4000,820) DIR:(-99,-13,0) SPD:0 
2020-09-15 13:16:00,472 [ 1] INFO  Unity: SetDirection:(-100, 4, 0)
2020-09-15 13:16:00,473 [ 1] INFO  Unity: MapEntityUpdateRequest :ID:1 POS:(5000,4000,820) DIR:(-100,4,0) SPD:0 
2020-09-15 13:16:00,555 [ 1] INFO  Unity: SetDirection:(-98, 22, 0)
2020-09-15 13:16:00,556 [ 1] INFO  Unity: MapEntityUpdateRequest :ID:1 POS:(5000,4000,820) DIR:(-98,22,0) SPD:0 
2020-09-15 13:16:00,655 [ 1] INFO  Unity: SetDirection:(-91, 42, 0)
2020-09-15 13:16:00,656 [ 1] INFO  Unity: MapEntityUpdateRequest :ID:1 POS:(5000,4000,820) DIR:(-91,42,0) SPD:0 
2020-09-15 13:16:00,754 [ 1] INFO  Unity: SetDirection:(-80, 60, 0)
2020-09-15 13:16:00,755 [ 1] INFO  Unity: MapEntityUpdateRequest :ID:1 POS:(5000,4000,820) DIR:(-80,60,0) SPD:0 
2020-09-15 13:16:00,854 [ 1] INFO  Unity: SetDirection:(-66, 75, 0)
2020-09-15 13:16:00,855 [ 1] INFO  Unity: MapEntityUpdateRequest :ID:1 POS:(5000,4000,820) DIR:(-66,75,0) SPD:0 
2020-09-15 13:16:00,953 [ 1] INFO  Unity: SetDirection:(-49, 87, 0)
2020-09-15 13:16:00,954 [ 1] INFO  Unity: MapEntityUpdateRequest :ID:1 POS:(5000,4000,820) DIR:(-49,87,0) SPD:0 
2020-09-15 13:16:01,053 [ 1] INFO  Unity: SetDirection:(-30, 95, 0)
2020-09-15 13:16:01,054 [ 1] INFO  Unity: MapEntityUpdateRequest :ID:1 POS:(5000,4000,820) DIR:(-30,95,0) SPD:0 
2020-09-15 13:16:01,135 [ 1] INFO  Unity: SetDirection:(-13, 99, 0)
2020-09-15 13:16:01,136 [ 1] INFO  Unity: MapEntityUpdateRequest :ID:1 POS:(5000,4000,820) DIR:(-13,99,0) SPD:0 
2020-09-15 13:16:01,218 [ 1] INFO  Unity: SetDirection:(4, 100, 0)
2020-09-15 13:16:01,219 [ 1] INFO  Unity: MapEntityUpdateRequest :ID:1 POS:(5000,4000,820) DIR:(4,100,0) SPD:0 
2020-09-15 13:16:01,301 [ 1] INFO  Unity: SetDirection:(22, 98, 0)
2020-09-15 13:16:01,302 [ 1] INFO  Unity: MapEntityUpdateRequest :ID:1 POS:(5000,4000,820) DIR:(22,98,0) SPD:0 
2020-09-15 13:16:01,401 [ 1] INFO  Unity: MoveForward
2020-09-15 13:16:01,402 [ 1] INFO  Unity: MapEntityUpdateRequest :ID:1 POS:(5000,4000,820) DIR:(22,98,0) SPD:300 
2020-09-15 13:16:01,403 [ 1] INFO  Unity: SetDirection:(42, 91, 0)
2020-09-15 13:16:01,404 [ 1] INFO  Unity: MapEntityUpdateRequest :ID:1 POS:(5000,4000,820) DIR:(42,91,0) SPD:300 
2020-09-15 13:16:01,499 [ 1] INFO  Unity: SetDirection:(57, 82, 0)
2020-09-15 13:16:01,500 [ 1] INFO  Unity: MapEntityUpdateRequest :ID:1 POS:(5012,4030,820) DIR:(57,82,0) SPD:300 
2020-09-15 13:16:01,765 [ 1] INFO  Unity: SetDirection:(40, 92, 0)
2020-09-15 13:16:01,766 [ 1] INFO  Unity: MapEntityUpdateRequest :ID:1 POS:(5060,4094,820) DIR:(40,92,0) SPD:300 
2020-09-15 13:16:01,864 [ 1] INFO  Unity: SetDirection:(22, 98, 0)
2020-09-15 13:16:01,865 [ 1] INFO  Unity: MapEntityUpdateRequest :ID:1 POS:(5072,4124,820) DIR:(22,98,0) SPD:300 
2020-09-15 13:16:01,947 [ 1] INFO  Unity: SetDirection:(4, 100, 0)
2020-09-15 13:16:01,948 [ 1] INFO  Unity: MapEntityUpdateRequest :ID:1 POS:(5077,4149,820) DIR:(4,100,0) SPD:300 
2020-09-15 13:16:02,047 [ 1] INFO  Unity: SetDirection:(-17, 99, 0)
2020-09-15 13:16:02,048 [ 1] INFO  Unity: MapEntityUpdateRequest :ID:1 POS:(5077,4179,820) DIR:(-17,99,0) SPD:300 
2020-09-15 13:16:02,146 [ 1] INFO  Unity: SetDirection:(-37, 93, 0)
2020-09-15 13:16:02,148 [ 1] INFO  Unity: MapEntityUpdateRequest :ID:1 POS:(5071,4209,820) DIR:(-37,93,0) SPD:300 
2020-09-15 13:16:02,245 [ 1] INFO  Unity: SetDirection:(-55, 83, 0)
2020-09-15 13:16:02,246 [ 1] INFO  Unity: MapEntityUpdateRequest :ID:1 POS:(5059,4239,820) DIR:(-55,83,0) SPD:300 
2020-09-15 13:16:02,328 [ 1] INFO  Unity: SetDirection:(-69, 72, 0)
2020-09-15 13:16:02,329 [ 1] INFO  Unity: MapEntityUpdateRequest :ID:1 POS:(5044,4259,820) DIR:(-69,72,0) SPD:300 
2020-09-15 13:16:02,427 [ 1] INFO  Unity: SetDirection:(-82, 57, 0)
2020-09-15 13:16:02,428 [ 1] INFO  Unity: MapEntityUpdateRequest :ID:1 POS:(5026,4283,820) DIR:(-82,57,0) SPD:300 
2020-09-15 13:16:02,792 [ 1] INFO  Unity: SetDirection:(-71, 71, 0)
2020-09-15 13:16:02,793 [ 1] INFO  Unity: MapEntityUpdateRequest :ID:1 POS:(4942,4346,820) DIR:(-71,71,0) SPD:300 
2020-09-15 13:16:02,875 [ 1] INFO  Unity: SetDirection:(-57, 82, 0)
2020-09-15 13:16:02,876 [ 1] INFO  Unity: MapEntityUpdateRequest :ID:1 POS:(4922,4366,820) DIR:(-57,82,0) SPD:300 
2020-09-15 13:16:02,974 [ 1] INFO  Unity: SetDirection:(-39, 92, 0)
2020-09-15 13:16:02,975 [ 1] INFO  Unity: MapEntityUpdateRequest :ID:1 POS:(4904,4390,820) DIR:(-39,92,0) SPD:300 
2020-09-15 13:16:03,057 [ 1] INFO  Unity: SetDirection:(-22, 97, 0)
2020-09-15 13:16:03,058 [ 1] INFO  Unity: MapEntityUpdateRequest :ID:1 POS:(4894,4415,820) DIR:(-22,97,0) SPD:300 
2020-09-15 13:16:03,156 [ 1] INFO  Unity: SetDirection:(-2, 100, 0)
2020-09-15 13:16:03,157 [ 1] INFO  Unity: MapEntityUpdateRequest :ID:1 POS:(4888,4445,820) DIR:(-2,100,0) SPD:300 
2020-09-15 13:16:03,239 [ 1] INFO  Unity: SetDirection:(16, 99, 0)
2020-09-15 13:16:03,240 [ 1] INFO  Unity: MapEntityUpdateRequest :ID:1 POS:(4888,4470,820) DIR:(16,99,0) SPD:300 
2020-09-15 13:16:03,339 [ 1] INFO  Unity: SetDirection:(36, 93, 0)
2020-09-15 13:16:03,340 [ 1] INFO  Unity: MapEntityUpdateRequest :ID:1 POS:(4894,4500,820) DIR:(36,93,0) SPD:300 
2020-09-15 13:16:03,439 [ 1] INFO  Unity: SetDirection:(55, 84, 0)
2020-09-15 13:16:03,440 [ 1] INFO  Unity: MapEntityUpdateRequest :ID:1 POS:(4906,4530,820) DIR:(55,84,0) SPD:300 
2020-09-15 13:16:03,537 [ 1] INFO  Unity: SetDirection:(71, 71, 0)
2020-09-15 13:16:03,538 [ 1] INFO  Unity: MapEntityUpdateRequest :ID:1 POS:(4924,4554,820) DIR:(71,71,0) SPD:300 
2020-09-15 13:16:03,620 [ 1] INFO  Unity: SetDirection:(82, 57, 0)
2020-09-15 13:16:03,621 [ 1] INFO  Unity: MapEntityUpdateRequest :ID:1 POS:(4944,4574,820) DIR:(82,57,0) SPD:300 
2020-09-15 13:16:03,719 [ 1] INFO  Unity: SetDirection:(92, 39, 0)
2020-09-15 13:16:03,720 [ 1] INFO  Unity: MapEntityUpdateRequest :ID:1 POS:(4968,4592,820) DIR:(92,39,0) SPD:300 
2020-09-15 13:16:03,802 [ 1] INFO  Unity: SetDirection:(97, 22, 0)
2020-09-15 13:16:03,803 [ 1] INFO  Unity: MapEntityUpdateRequest :ID:1 POS:(4993,4602,820) DIR:(97,22,0) SPD:300 
2020-09-15 13:16:03,902 [ 1] INFO  Unity: SetDirection:(100, 2, 0)
2020-09-15 13:16:03,903 [ 1] INFO  Unity: MapEntityUpdateRequest :ID:1 POS:(5023,4608,820) DIR:(100,2,0) SPD:300 
2020-09-15 13:16:03,985 [ 1] INFO  Unity: Stop
2020-09-15 13:16:03,986 [ 1] INFO  Unity: MapEntityUpdateRequest :ID:1 POS:(5048,4608,820) DIR:(100,2,0) SPD:0 
2020-09-15 13:16:03,987 [ 1] INFO  Unity: SetDirection:(99, -16, 0)
2020-09-15 13:16:03,987 [ 1] INFO  Unity: MapEntityUpdateRequest :ID:1 POS:(5048,4608,820) DIR:(99,-16,0) SPD:0 
2020-09-15 13:16:04,084 [ 1] INFO  Unity: SetDirection:(93, -36, 0)
2020-09-15 13:16:04,085 [ 1] INFO  Unity: MapEntityUpdateRequest :ID:1 POS:(5048,4608,820) DIR:(93,-36,0) SPD:0 
2020-09-15 13:16:04,184 [ 1] INFO  Unity: SetDirection:(84, -55, 0)
2020-09-15 13:16:04,185 [ 1] INFO  Unity: MapEntityUpdateRequest :ID:1 POS:(5048,4608,820) DIR:(84,-55,0) SPD:0 
2020-09-15 13:16:04,283 [ 1] INFO  Unity: SetDirection:(71, -71, 0)
2020-09-15 13:16:04,284 [ 1] INFO  Unity: MapEntityUpdateRequest :ID:1 POS:(5048,4608,820) DIR:(71,-71,0) SPD:0 
2020-09-15 13:16:04,366 [ 1] INFO  Unity: SetDirection:(57, -82, 0)
2020-09-15 13:16:04,367 [ 1] INFO  Unity: MapEntityUpdateRequest :ID:1 POS:(5048,4608,820) DIR:(57,-82,0) SPD:0 
2020-09-15 13:16:04,432 [ 1] INFO  Unity: MoveForward
2020-09-15 13:16:04,433 [ 1] INFO  Unity: MapEntityUpdateRequest :ID:1 POS:(5048,4608,820) DIR:(57,-82,0) SPD:300 
2020-09-15 13:16:04,466 [ 1] INFO  Unity: SetDirection:(39, -92, 0)
2020-09-15 13:16:04,467 [ 1] INFO  Unity: MapEntityUpdateRequest :ID:1 POS:(5054,4600,820) DIR:(39,-92,0) SPD:300 
2020-09-15 13:16:04,549 [ 1] INFO  Unity: SetDirection:(22, -97, 0)
2020-09-15 13:16:04,550 [ 1] INFO  Unity: MapEntityUpdateRequest :ID:1 POS:(5064,4575,820) DIR:(22,-97,0) SPD:300 
2020-09-15 13:16:04,664 [ 1] INFO  Unity: SetDirection:(3, -100, 0)
2020-09-15 13:16:04,665 [ 1] INFO  Unity: MapEntityUpdateRequest :ID:1 POS:(5070,4545,820) DIR:(3,-100,0) SPD:300 
2020-09-15 13:16:04,797 [ 1] INFO  Unity: SetDirection:(-15, -99, 0)
2020-09-15 13:16:04,798 [ 1] INFO  Unity: MapEntityUpdateRequest :ID:1 POS:(5070,4505,820) DIR:(-15,-99,0) SPD:300 
2020-09-15 13:16:04,847 [ 1] INFO  Unity: Stop
2020-09-15 13:16:04,848 [ 1] INFO  Unity: MapEntityUpdateRequest :ID:1 POS:(5067,4490,820) DIR:(-15,-99,0) SPD:0 
2020-09-15 13:16:05,029 [ 1] INFO  Unity: SetDirection:(-34, -94, 0)
2020-09-15 13:16:05,030 [ 1] INFO  Unity: MapEntityUpdateRequest :ID:1 POS:(5067,4490,820) DIR:(-34,-94,0) SPD:0 
2020-09-15 13:16:05,145 [ 1] INFO  Unity: SetDirection:(-52, -85, 0)
2020-09-15 13:16:05,146 [ 1] INFO  Unity: MapEntityUpdateRequest :ID:1 POS:(5067,4490,820) DIR:(-52,-85,0) SPD:0 
2020-09-15 13:16:05,227 [ 1] INFO  Unity: SetDirection:(-66, -75, 0)
2020-09-15 13:16:05,228 [ 1] INFO  Unity: MapEntityUpdateRequest :ID:1 POS:(5067,4490,820) DIR:(-66,-75,0) SPD:0 
2020-09-15 13:16:05,310 [ 1] INFO  Unity: SetDirection:(-78, -62, 0)
2020-09-15 13:16:05,311 [ 1] INFO  Unity: MapEntityUpdateRequest :ID:1 POS:(5067,4490,820) DIR:(-78,-62,0) SPD:0 
2020-09-15 13:16:05,393 [ 1] INFO  Unity: SetDirection:(-88, -47, 0)
2020-09-15 13:16:05,394 [ 1] INFO  Unity: MapEntityUpdateRequest :ID:1 POS:(5067,4490,820) DIR:(-88,-47,0) SPD:0 
2020-09-15 13:16:05,492 [ 1] INFO  Unity: SetDirection:(-96, -28, 0)
2020-09-15 13:16:05,493 [ 1] INFO  Unity: MapEntityUpdateRequest :ID:1 POS:(5067,4490,820) DIR:(-96,-28,0) SPD:0 
2020-09-15 13:16:05,592 [ 1] INFO  Unity: SetDirection:(-100, -8, 0)
2020-09-15 13:16:05,593 [ 1] INFO  Unity: MapEntityUpdateRequest :ID:1 POS:(5067,4490,820) DIR:(-100,-8,0) SPD:0 
2020-09-15 13:16:05,675 [ 1] INFO  Unity: SetDirection:(-100, 10, 0)
2020-09-15 13:16:05,676 [ 1] INFO  Unity: MapEntityUpdateRequest :ID:1 POS:(5067,4490,820) DIR:(-100,10,0) SPD:0 
2020-09-15 13:16:05,774 [ 1] INFO  Unity: SetDirection:(-95, 30, 0)
2020-09-15 13:16:05,775 [ 1] INFO  Unity: MapEntityUpdateRequest :ID:1 POS:(5067,4490,820) DIR:(-95,30,0) SPD:0 
2020-09-15 13:16:05,873 [ 1] INFO  Unity: SetDirection:(-89, 46, 0)
2020-09-15 13:16:05,874 [ 1] INFO  Unity: MapEntityUpdateRequest :ID:1 POS:(5067,4490,820) DIR:(-89,46,0) SPD:0 
2020-09-15 13:16:06,188 [ 1] INFO  Unity: SetDirection:(-79, 61, 0)
2020-09-15 13:16:06,189 [ 1] INFO  Unity: MapEntityUpdateRequest :ID:1 POS:(5067,4490,820) DIR:(-79,61,0) SPD:0 
2020-09-15 13:16:06,371 [ 1] INFO  Unity: SetDirection:(-66, 75, 0)
2020-09-15 13:16:06,372 [ 1] INFO  Unity: MapEntityUpdateRequest :ID:1 POS:(5067,4490,820) DIR:(-66,75,0) SPD:0 
2020-09-15 13:16:06,470 [ 1] INFO  Unity: SetDirection:(-51, 86, 0)
2020-09-15 13:16:06,471 [ 1] INFO  Unity: MapEntityUpdateRequest :ID:1 POS:(5067,4490,820) DIR:(-51,86,0) SPD:0 
2020-09-15 13:16:06,569 [ 1] INFO  Unity: SetDirection:(-32, 95, 0)
2020-09-15 13:16:06,570 [ 1] INFO  Unity: MapEntityUpdateRequest :ID:1 POS:(5067,4490,820) DIR:(-32,95,0) SPD:0 
2020-09-15 13:16:06,685 [ 1] INFO  Unity: SetDirection:(-12, 99, 0)
2020-09-15 13:16:06,686 [ 1] INFO  Unity: MapEntityUpdateRequest :ID:1 POS:(5067,4490,820) DIR:(-12,99,0) SPD:0 
2020-09-15 13:16:06,767 [ 1] INFO  Unity: SetDirection:(6, 100, 0)
2020-09-15 13:16:06,768 [ 1] INFO  Unity: MapEntityUpdateRequest :ID:1 POS:(5067,4490,820) DIR:(6,100,0) SPD:0 
2020-09-15 13:16:06,868 [ 1] INFO  Unity: SetDirection:(26, 96, 0)
2020-09-15 13:16:06,868 [ 1] INFO  Unity: MapEntityUpdateRequest :ID:1 POS:(5067,4490,820) DIR:(26,96,0) SPD:0 
2020-09-15 13:16:06,968 [ 1] INFO  Unity: SetDirection:(44, 90, 0)
2020-09-15 13:16:06,969 [ 1] INFO  Unity: MapEntityUpdateRequest :ID:1 POS:(5067,4490,820) DIR:(44,90,0) SPD:0 
2020-09-15 13:16:07,166 [ 1] INFO  Unity: SetDirection:(59, 81, 0)
2020-09-15 13:16:07,167 [ 1] INFO  Unity: MapEntityUpdateRequest :ID:1 POS:(5067,4490,820) DIR:(59,81,0) SPD:0 
2020-09-15 13:16:07,580 [ 1] INFO  Unity: SetDirection:(72, 69, 0)
2020-09-15 13:16:07,581 [ 1] INFO  Unity: MapEntityUpdateRequest :ID:1 POS:(5067,4490,820) DIR:(72,69,0) SPD:0 
2020-09-15 13:16:07,679 [ 1] INFO  Unity: SetDirection:(84, 55, 0)
2020-09-15 13:16:07,680 [ 1] INFO  Unity: MapEntityUpdateRequest :ID:1 POS:(5067,4490,820) DIR:(84,55,0) SPD:0 
2020-09-15 13:16:07,762 [ 1] INFO  Unity: SetDirection:(92, 39, 0)
2020-09-15 13:16:07,763 [ 1] INFO  Unity: MapEntityUpdateRequest :ID:1 POS:(5067,4490,820) DIR:(92,39,0) SPD:0 
2020-09-15 13:16:07,862 [ 1] INFO  Unity: SetDirection:(98, 19, 0)
2020-09-15 13:16:07,863 [ 1] INFO  Unity: MapEntityUpdateRequest :ID:1 POS:(5067,4490,820) DIR:(98,19,0) SPD:0 
2020-09-15 13:16:07,961 [ 1] INFO  Unity: SetDirection:(100, -2, 0)
2020-09-15 13:16:07,962 [ 1] INFO  Unity: MapEntityUpdateRequest :ID:1 POS:(5067,4490,820) DIR:(100,-2,0) SPD:0 
2020-09-15 13:16:08,060 [ 1] INFO  Unity: SetDirection:(97, -22, 0)
2020-09-15 13:16:08,061 [ 1] INFO  Unity: MapEntityUpdateRequest :ID:1 POS:(5067,4490,820) DIR:(97,-22,0) SPD:0 
2020-09-15 13:16:08,143 [ 1] INFO  Unity: SetDirection:(92, -39, 0)
2020-09-15 13:16:08,145 [ 1] INFO  Unity: MapEntityUpdateRequest :ID:1 POS:(5067,4490,820) DIR:(92,-39,0) SPD:0 
2020-09-15 13:16:08,242 [ 1] INFO  Unity: SetDirection:(82, -57, 0)
2020-09-15 13:16:08,243 [ 1] INFO  Unity: MapEntityUpdateRequest :ID:1 POS:(5067,4490,820) DIR:(82,-57,0) SPD:0 
2020-09-15 13:16:08,325 [ 1] INFO  Unity: SetDirection:(71, -71, 0)
2020-09-15 13:16:08,326 [ 1] INFO  Unity: MapEntityUpdateRequest :ID:1 POS:(5067,4490,820) DIR:(71,-71,0) SPD:0 
2020-09-15 13:16:08,425 [ 1] INFO  Unity: SetDirection:(56, -83, 0)
2020-09-15 13:16:08,426 [ 1] INFO  Unity: MapEntityUpdateRequest :ID:1 POS:(5067,4490,820) DIR:(56,-83,0) SPD:0 
2020-09-15 13:16:08,591 [ 1] INFO  Unity: SetDirection:(40, -92, 0)
2020-09-15 13:16:08,592 [ 1] INFO  Unity: MapEntityUpdateRequest :ID:1 POS:(5067,4490,820) DIR:(40,-92,0) SPD:0 
2020-09-15 13:16:12,607 [ 1] INFO  Unity: OnDestroy NetworkManager.
2020-09-15 13:16:12,608 [ 1] WARN  Unity: CloseConnection(), errorCode: 1007
UnityEngine.Debug:LogWarning(Object)
Network.NetClient:CloseConnection(Int32) (at Assets/Scripts/Network/NetClient.cs:177)
Network.NetClient:OnDestroy() (at Assets/Scripts/Network/NetClient.cs:172)

2020-09-15 13:16:12,610 [ 1] INFO  Unity: Character_1_AA OnDestroy :ID:1 POS:(5067, 4490, 820) DIR:(40, -92, 0) SPD:0 
